07:42:46.978 [main] DEBUG - Parsing relationship: /_rels/.rels
07:42:47.000 [main] DEBUG - using default POIXMLDocumentPart for http://schemas.openxmlformats.org/officeDocument/2006/relationships/printerSettings
07:43:02.204 [main] INFO  - Goto my account-->Click on Login.. 
07:43:02.768 [main] DEBUG - Parsing relationship: /xl/_rels/workbook.xml.rels
07:43:02.771 [main] DEBUG - Parsing relationship: /xl/worksheets/_rels/sheet1.xml.rels
07:43:02.772 [main] DEBUG - Parsing relationship: /_rels/.rels
07:43:02.783 [main] DEBUG - using default POIXMLDocumentPart for http://schemas.openxmlformats.org/officeDocument/2006/relationships/printerSettings
07:43:18.446 [main] INFO  - Goto my account-->Click on Login.. 
07:43:19.010 [main] DEBUG - Parsing relationship: /xl/_rels/workbook.xml.rels
07:43:19.012 [main] DEBUG - Parsing relationship: /xl/worksheets/_rels/sheet1.xml.rels
07:43:19.013 [main] DEBUG - Parsing relationship: /_rels/.rels
07:43:19.027 [main] DEBUG - using default POIXMLDocumentPart for http://schemas.openxmlformats.org/officeDocument/2006/relationships/printerSettings
07:50:24.166 [main] INFO  - Goto my account-->Click on Login.. 
07:50:24.723 [main] INFO  - Entering email and password.. 
07:50:25.689 [main] INFO  - clicked on login button...
07:52:42.486 [main] INFO  - Goto my account-->Click on Login.. 
07:52:42.985 [main] INFO  - Entering email and password.. 
07:52:43.714 [main] INFO  - clicked on login button...
07:55:08.684 [main] INFO  - Goto my account-->Click on Login.. 
07:55:09.306 [main] INFO  - Entering email and password.. 
07:55:10.334 [main] INFO  - clicked on login button...
07:58:17.907 [main] INFO  - Goto my account-->Click on Login.. 
07:58:18.457 [main] INFO  - Entering email and password.. 
07:58:19.518 [main] INFO  - clicked on login button...
07:58:53.684 [main] INFO  - Goto my account-->Click on Login.. 
07:58:54.303 [main] INFO  - Entering email and password.. 
07:58:55.417 [main] INFO  - clicked on login button...
08:02:13.596 [main] INFO  - Goto my account-->Click on Login.. 
08:02:14.126 [main] INFO  - Entering email and password.. 
08:02:15.149 [main] INFO  - clicked on login button...
08:04:47.286 [main] INFO  - Goto my account-->Click on Login.. 
08:04:47.822 [main] INFO  - Entering email and password.. 
08:04:48.799 [main] INFO  - clicked on login button...
15:43:20.092 [main] INFO  - Goto my account-->Click on Login.. 
15:43:20.553 [main] INFO  - Entering email and password.. 
15:43:21.341 [main] INFO  - clicked on login button...
15:46:51.617 [main] INFO  - Goto my account-->Click on Login.. 
15:46:52.122 [main] DEBUG - Parsing relationship: /xl/_rels/workbook.xml.rels
15:46:52.125 [main] DEBUG - Parsing relationship: /xl/worksheets/_rels/sheet1.xml.rels
15:46:52.127 [main] DEBUG - Parsing relationship: /_rels/.rels
15:46:52.274 [main] TRACE - Loading type system org.apache.poi.schemas.ooxml.system.ooxml
15:46:52.277 [main] TRACE - Loading type system org.apache.xmlbeans.metadata.system.sXMLCONFIG
15:46:52.277 [main] TRACE - Loading type system org.apache.xmlbeans.metadata.system.sXMLLANG
15:46:52.278 [main] TRACE - Loading type system org.apache.xmlbeans.metadata.system.sXMLSCHEMA
15:46:52.278 [main] TRACE - Loading type system org.apache.xmlbeans.metadata.system.sXMLTOOLS
15:46:52.279 [main] TRACE - Reading unresolved handles for type system org.apache.xmlbeans.metadata.system.sXMLTOOLS
15:46:52.291 [main] TRACE - Finished loading type system org.apache.xmlbeans.metadata.system.sXMLTOOLS
15:46:52.291 [main] TRACE - Reading unresolved handles for type system org.apache.xmlbeans.metadata.system.sXMLSCHEMA
15:46:52.295 [main] TRACE - Finished loading type system org.apache.xmlbeans.metadata.system.sXMLSCHEMA
15:46:52.296 [main] TRACE - Reading unresolved handles for type system org.apache.xmlbeans.metadata.system.sXMLLANG
15:46:52.297 [main] TRACE - Finished loading type system org.apache.xmlbeans.metadata.system.sXMLLANG
15:46:52.298 [main] TRACE - Reading unresolved handles for type system org.apache.xmlbeans.metadata.system.sXMLCONFIG
15:46:52.299 [main] TRACE - Finished loading type system org.apache.xmlbeans.metadata.system.sXMLCONFIG
15:46:52.300 [main] TRACE - Reading unresolved handles for type system org.apache.poi.schemas.ooxml.system.ooxml
15:46:52.363 [main] TRACE - Finished loading type system org.apache.poi.schemas.ooxml.system.ooxml
15:46:52.364 [main] TRACE - Resolving type for handle themefd26doctype
15:46:52.438 [main] TRACE - Resolving type for handle stylesheet5d8bdoctype
15:46:52.444 [main] TRACE - Resolving type for handle ctstylesheet4257type
15:46:52.449 [main] TRACE - Resolving type for handle ctfonts6623type
15:46:52.452 [main] TRACE - Resolving type for handle ctfont14d8type
15:46:52.457 [main] TRACE - Resolving type for handle ctfills2c6ftype
15:46:52.459 [main] TRACE - Resolving type for handle ctfill550ctype
15:46:52.461 [main] TRACE - Resolving type for handle ctborders0d66type
15:46:52.463 [main] TRACE - Resolving type for handle ctborderf935type
15:46:52.466 [main] TRACE - Resolving type for handle ctcellxfs1322type
15:46:52.469 [main] TRACE - Resolving type for handle ctxf97f7type
15:46:52.472 [main] TRACE - Resolving type for handle ctcellstylexfsa81ftype
15:46:52.475 [main] TRACE - Resolving type for handle ctdxfsb26atype
15:46:52.477 [main] TRACE - Resolving type for handle cttablestyles872ftype
15:46:52.481 [main] TRACE - Resolving type for handle sstf81fdoctype
15:46:52.486 [main] TRACE - Resolving type for handle ctsst44f3type
15:46:52.499 [main] TRACE - Resolving type for handle ctrsta472type
15:46:52.517 [main] DEBUG - using default POIXMLDocumentPart for http://schemas.openxmlformats.org/officeDocument/2006/relationships/printerSettings
15:46:52.518 [main] TRACE - Resolving type for handle workbookec17doctype
15:46:52.523 [main] TRACE - Resolving type for handle ctworkbook83c3type
15:46:52.528 [main] TRACE - Resolving type for handle ctsheets49fdtype
15:46:52.531 [main] TRACE - Resolving type for handle ctsheet4dbetype
15:46:52.533 [main] TRACE - Resolving type for handle strelationshipid1e94type
15:46:52.535 [main] TRACE - Resolving type for handle worksheetf539doctype
15:46:52.540 [main] TRACE - Resolving type for handle ctworksheet530dtype
15:46:52.546 [main] TRACE - Resolving type for handle ctsheetdata8408type
15:46:52.549 [main] TRACE - Resolving type for handle ctrowdd39type
15:46:52.555 [main] TRACE - Resolving type for handle ctcell842btype
15:46:52.561 [main] TRACE - Resolving type for handle stcellrefe4e0type
15:46:52.569 [main] TRACE - Resolving type for handle ctcols627ctype
15:46:52.575 [main] TRACE - Resolving type for handle ctcola95ftype
15:46:52.593 [main] TRACE - Resolving type for handle cthyperlinks6416type
15:46:52.596 [main] TRACE - Resolving type for handle cthyperlink0c85type
15:46:52.603 [main] TRACE - Resolving type for handle stxstringf179type
15:46:52.607 [main] TRACE - Resolving type for handle stcelltypebf95type
15:46:57.343 [main] INFO  - Goto my account-->Click on Login.. 
15:46:57.644 [main] DEBUG - Parsing relationship: /xl/_rels/workbook.xml.rels
15:46:57.648 [main] DEBUG - Parsing relationship: /xl/worksheets/_rels/sheet1.xml.rels
15:46:57.650 [main] DEBUG - Parsing relationship: /_rels/.rels
15:46:57.668 [main] DEBUG - using default POIXMLDocumentPart for http://schemas.openxmlformats.org/officeDocument/2006/relationships/printerSettings
15:47:12.593 [main] INFO  - Goto my account-->Click on Login.. 
15:47:13.216 [main] DEBUG - Parsing relationship: /xl/_rels/workbook.xml.rels
15:47:13.218 [main] DEBUG - Parsing relationship: /xl/worksheets/_rels/sheet1.xml.rels
15:47:13.220 [main] DEBUG - Parsing relationship: /_rels/.rels
15:47:13.234 [main] DEBUG - using default POIXMLDocumentPart for http://schemas.openxmlformats.org/officeDocument/2006/relationships/printerSettings
15:47:28.779 [main] INFO  - Goto my account-->Click on Login.. 
15:47:29.391 [main] DEBUG - Parsing relationship: /xl/_rels/workbook.xml.rels
15:47:29.393 [main] DEBUG - Parsing relationship: /xl/worksheets/_rels/sheet1.xml.rels
15:47:29.394 [main] DEBUG - Parsing relationship: /_rels/.rels
15:47:29.411 [main] DEBUG - using default POIXMLDocumentPart for http://schemas.openxmlformats.org/officeDocument/2006/relationships/printerSettings
15:47:44.603 [main] INFO  - Goto my account-->Click on Login.. 
15:47:45.022 [main] DEBUG - Parsing relationship: /xl/_rels/workbook.xml.rels
15:47:45.023 [main] DEBUG - Parsing relationship: /xl/worksheets/_rels/sheet1.xml.rels
15:47:45.024 [main] DEBUG - Parsing relationship: /_rels/.rels
15:47:45.036 [main] DEBUG - using default POIXMLDocumentPart for http://schemas.openxmlformats.org/officeDocument/2006/relationships/printerSettings
11:51:34.438 [main] INFO  - Goto my account-->Click on Login.. 
11:51:34.752 [main] INFO  - Entering email and password.. 
11:51:35.309 [main] INFO  - clicked on login button...
11:52:53.226 [main] INFO  - Goto my account-->Click on Login.. 
11:52:53.560 [main] INFO  - Entering email and password.. 
11:52:54.143 [main] INFO  - clicked on login button...
